\BOOKMARK [1][-]{section.1}{Normalverteilung}{}% 1
\BOOKMARK [2][-]{subsection.1.1}{Bestimmte Wahrscheinlichkeit}{section.1}% 2
\BOOKMARK [2][-]{subsection.1.2}{Kumulative Wahrscheinlichkeit}{section.1}% 3
\BOOKMARK [2][-]{subsection.1.3}{Inverse kumulative Wahrscheinlichkeit}{section.1}% 4
\BOOKMARK [1][-]{section.2}{Verschiebung zur Standardnormalverteilung}{}% 5
\BOOKMARK [1][-]{section.3}{Normalverteilung und Stichproben}{}% 6
\BOOKMARK [1][-]{section.4}{Ann\344herung der Binomialverteilung zur Normalverteilung}{}% 7
\BOOKMARK [1][-]{section.5}{Suchen nach Variablen anhand einer Binomialverteilung}{}% 8
\BOOKMARK [2][-]{subsection.5.1}{Grundlegendes}{section.5}% 9
\BOOKMARK [2][-]{subsection.5.2}{Suche nach x}{section.5}% 10
\BOOKMARK [2][-]{subsection.5.3}{Suche nach n}{section.5}% 11
\BOOKMARK [2][-]{subsection.5.4}{Suche nach p}{section.5}% 12
\BOOKMARK [1][-]{section.6}{ 2 -Verteilung}{}% 13
\BOOKMARK [2][-]{subsection.6.1}{Grundlegendes}{section.6}% 14
\BOOKMARK [2][-]{subsection.6.2}{Freiheitsgrade}{section.6}% 15
\BOOKMARK [2][-]{subsection.6.3}{Bestimmte Wahrscheinlichkeitsdichte}{section.6}% 16
\BOOKMARK [2][-]{subsection.6.4}{Kumulative Wahrscheinlichkeitsdichte}{section.6}% 17
\BOOKMARK [2][-]{subsection.6.5}{Inverse kumulative Wahrscheinlichkeitsdichte}{section.6}% 18
\BOOKMARK [2][-]{subsection.6.6}{Suche nach Werten}{section.6}% 19
\BOOKMARK [3][-]{subsubsection.6.6.1}{Suche nach s}{subsection.6.6}% 20
\BOOKMARK [3][-]{subsubsection.6.6.2}{Suche nach p}{subsection.6.6}% 21
\BOOKMARK [1][-]{section.7}{Konfidenzintervall}{}% 22
\BOOKMARK [2][-]{subsection.7.1}{Grundlegendes}{section.7}% 23
\BOOKMARK [2][-]{subsection.7.2}{Suche nach dem Konfidenzintervall}{section.7}% 24
\BOOKMARK [1][-]{section.8}{Ermittlung von \040}{}% 25
\BOOKMARK [2][-]{subsection.8.1}{Ermittlung basierend auf Stichproben}{section.8}% 26
\BOOKMARK [3][-]{subsubsection.8.1.1}{Berechnung von \040}{subsection.8.1}% 27
\BOOKMARK [2][-]{subsection.8.2}{Studentsche Verteilung}{section.8}% 28
\BOOKMARK [3][-]{subsubsection.8.2.1}{Grundlegendes}{subsection.8.2}% 29
\BOOKMARK [3][-]{subsubsection.8.2.2}{Berechnung von \040}{subsection.8.2}% 30
